<?xml version="1.0" encoding="UTF-8"?>
<!-- Generated by org.testng.reporters.JUnitReportReporter -->
<testsuite hostname="DESKTOP-69F8C34" failures="0" tests="1" name="com.restAssured.BDDStyle.TestDataRetraiveFromExternalJsonFile" time="1.979" errors="0" timestamp="25 Apr 2024 11:36:20 GMT" skipped="0">
  <testcase classname="com.restAssured.BDDStyle.TestDataRetraiveFromExternalJsonFile" name="externaljson" time="1.979"/>
</testsuite> <!-- com.restAssured.BDDStyle.TestDataRetraiveFromExternalJsonFile -->
