<?xml version="1.0" encoding="UTF-8"?>
<!-- Generated by org.testng.reporters.JUnitReportReporter -->
<testsuite hostname="DESKTOP-69F8C34" failures="0" tests="1" name="com.restAssuredNonBDD.PostRequest" time="1.797" errors="0" timestamp="24 Apr 2024 10:44:15 GMT" skipped="0">
  <testcase classname="com.restAssuredNonBDD.PostRequest" name="createAnResource" time="1.797"/>
</testsuite> <!-- com.restAssuredNonBDD.PostRequest -->
