<?xml version="1.0" encoding="UTF-8"?>
<!-- Generated by org.testng.reporters.JUnitReportReporter -->
<testsuite hostname="DESKTOP-69F8C34" failures="0" tests="1" name="com.restAssured.BDDStyle.PutRequest" time="1.804" errors="0" timestamp="24 Apr 2024 19:01:14 GMT" skipped="0">
  <testcase classname="com.restAssured.BDDStyle.PutRequest" name="updateAnEmployee" time="1.804"/>
</testsuite> <!-- com.restAssured.BDDStyle.PutRequest -->
