<?xml version="1.0" encoding="UTF-8"?>
<!-- Generated by org.testng.reporters.JUnitReportReporter -->
<testsuite hostname="DESKTOP-69F8C34" failures="0" tests="1" name="com.restAssuredNonBDD.GetAllEmployees" time="1.834" errors="0" timestamp="24 Apr 2024 11:11:29 GMT" skipped="0">
  <testcase classname="com.restAssuredNonBDD.GetAllEmployees" name="getAllEmployee" time="1.834"/>
</testsuite> <!-- com.restAssuredNonBDD.GetAllEmployees -->
