<?xml version="1.0" encoding="UTF-8"?>
<!-- Generated by org.testng.reporters.JUnitReportReporter -->
<testsuite hostname="DESKTOP-69F8C34" failures="0" tests="1" name="com.restAssured.BDDStyle.JsonFileSerialization" time="2.171" errors="0" timestamp="25 Apr 2024 13:08:00 GMT" skipped="0">
  <testcase classname="com.restAssured.BDDStyle.JsonFileSerialization" name="convertJavaObjectstoJson" time="2.171"/>
</testsuite> <!-- com.restAssured.BDDStyle.JsonFileSerialization -->
