<?xml version="1.0" encoding="UTF-8"?>
<!-- Generated by org.testng.reporters.JUnitReportReporter -->
<testsuite hostname="DESKTOP-69F8C34" failures="0" tests="1" name="com.restAssuredNonBDD.DeleteRequest" time="1.862" errors="0" timestamp="24 Apr 2024 14:04:32 GMT" skipped="0">
  <testcase classname="com.restAssuredNonBDD.DeleteRequest" name="deleteAnEmployee" time="1.862"/>
</testsuite> <!-- com.restAssuredNonBDD.DeleteRequest -->
