<?xml version="1.0" encoding="UTF-8"?>
<!-- Generated by org.testng.reporters.JUnitReportReporter -->
<testsuite hostname="DESKTOP-69F8C34" failures="0" tests="1" name="com.restAssuredNonBDD.PutRequest" time="1.714" errors="0" timestamp="24 Apr 2024 11:11:57 GMT" skipped="0">
  <testcase classname="com.restAssuredNonBDD.PutRequest" name="updateAnEmployee" time="1.714"/>
</testsuite> <!-- com.restAssuredNonBDD.PutRequest -->
