<?xml version="1.0" encoding="UTF-8"?>
<!-- Generated by org.testng.reporters.JUnitReportReporter -->
<testsuite hostname="DESKTOP-69F8C34" failures="0" tests="1" name="com.restAssured.BDDStyle.GetRequest" time="1.922" errors="0" timestamp="25 Apr 2024 10:05:20 GMT" skipped="0">
  <testcase classname="com.restAssured.BDDStyle.GetRequest" name="getAllEmployees" time="1.922"/>
</testsuite> <!-- com.restAssured.BDDStyle.GetRequest -->
