<?xml version="1.0" encoding="UTF-8"?>
<!-- Generated by org.testng.reporters.JUnitReportReporter -->
<testsuite hostname="DESKTOP-69F8C34" failures="0" tests="1" name="com.restAssured.BDDStyle.PostRequest" time="1.736" errors="0" timestamp="24 Apr 2024 18:42:34 GMT" skipped="0">
  <testcase classname="com.restAssured.BDDStyle.PostRequest" name="createAnEmployee" time="1.736"/>
</testsuite> <!-- com.restAssured.BDDStyle.PostRequest -->
