<?xml version="1.0" encoding="UTF-8"?>
<!-- Generated by org.testng.reporters.JUnitReportReporter -->
<testsuite hostname="DESKTOP-69F8C34" failures="0" tests="1" name="com.restAssured.BDDStyle.DeleteRequest" time="1.841" errors="0" timestamp="24 Apr 2024 19:07:02 GMT" skipped="0">
  <testcase classname="com.restAssured.BDDStyle.DeleteRequest" name="deleteAnEmployee" time="1.841"/>
</testsuite> <!-- com.restAssured.BDDStyle.DeleteRequest -->
